2019-05-24 11:20:15,670 [Worker-150] INFO  o.e.m.c.i.l.LifecycleMappingFactory - Using org.eclipse.m2e.jdt.JarLifecycleMapping lifecycle mapping for MavenProject: com.how2java:springboot:0.0.1-SNAPSHOT @ G:\CodeRep\JavaStudy\project\springboot\pom.xml.
2019-05-24 11:20:17,310 [Worker-150] INFO  o.e.m.j.i.AbstractJavaProjectConfigurator - Adding source folder /springboot/src/main/java
2019-05-24 11:20:17,311 [Worker-150] INFO  o.e.m.j.i.AbstractJavaProjectConfigurator - Adding resource folder /springboot/src/main/resources
2019-05-24 11:20:17,311 [Worker-150] INFO  o.e.m.j.i.AbstractJavaProjectConfigurator - Adding resource folder /springboot/src/main/resources
2019-05-24 11:20:17,312 [Worker-150] INFO  o.e.m.j.i.AbstractJavaProjectConfigurator - Adding source folder /springboot/src/test/java
2019-05-24 11:20:17,312 [Worker-150] INFO  o.e.m.j.i.AbstractJavaProjectConfigurator - Adding resource folder /springboot/src/test/resources
2019-05-24 11:20:17,426 [Worker-150] INFO  o.e.m.c.i.p.ProjectConfigurationManager - Imported and configured 1 project(s) in 4 sec
2019-05-24 11:20:18,128 [Worker-154] INFO  o.e.m.c.i.embedder.EclipseLogger - Using 'UTF-8' encoding to copy filtered resources.
2019-05-24 11:20:18,132 [Worker-154] INFO  o.e.m.c.i.embedder.EclipseLogger - Copying 0 resource
2019-05-24 11:20:18,133 [Worker-154] INFO  o.e.m.c.i.embedder.EclipseLogger - Copying 0 resource
2019-05-24 11:20:18,135 [Worker-154] INFO  o.e.m.c.i.embedder.EclipseLogger - Using 'UTF-8' encoding to copy filtered resources.
2019-05-24 11:20:18,135 [Worker-154] INFO  o.e.m.c.i.embedder.EclipseLogger - Copying 0 resource
2019-05-24 13:36:53,671 [Worker-194] INFO  o.e.m.c.i.l.LifecycleMappingFactory - Using org.eclipse.m2e.jdt.JarLifecycleMapping lifecycle mapping for MavenProject: com.how2java:springboot:0.0.1-SNAPSHOT @ G:\CodeRep\JavaStudy\project\springboot\pom.xml.
2019-05-24 13:36:54,991 [Worker-196] INFO  o.e.m.c.i.embedder.EclipseLogger - Using 'UTF-8' encoding to copy filtered resources.
2019-05-24 13:36:54,992 [Worker-196] INFO  o.e.m.c.i.embedder.EclipseLogger - Copying 0 resource
2019-05-24 13:36:54,992 [Worker-196] INFO  o.e.m.c.i.embedder.EclipseLogger - Copying 0 resource
2019-05-24 13:36:54,994 [Worker-196] INFO  o.e.m.c.i.embedder.EclipseLogger - Using 'UTF-8' encoding to copy filtered resources.
2019-05-24 13:36:54,994 [Worker-196] INFO  o.e.m.c.i.embedder.EclipseLogger - Copying 0 resource
2019-05-24 13:46:46,305 [Worker-202] INFO  o.e.m.c.i.l.LifecycleMappingFactory - Using org.eclipse.m2e.jdt.JarLifecycleMapping lifecycle mapping for MavenProject: com.how2java:springboot:0.0.1-SNAPSHOT @ G:\CodeRep\JavaStudy\project\springboot\pom.xml.
2019-05-24 13:46:47,766 [Worker-202] INFO  o.e.m.c.i.e.AbstractTransferListenerAdapter - Downloading https://repo.maven.apache.org/maven2/org/springframework/boot/spring-boot-devtools/1.5.9.RELEASE/spring-boot-devtools-1.5.9.RELEASE.pom
2019-05-24 13:46:47,949 [Worker-202] INFO  o.e.m.c.i.e.AbstractTransferListenerAdapter - Downloaded https://repo.maven.apache.org/maven2/org/springframework/boot/spring-boot-devtools/1.5.9.RELEASE/spring-boot-devtools-1.5.9.RELEASE.pom
2019-05-24 13:46:48,198 [Worker-202] INFO  o.e.m.c.i.e.AbstractTransferListenerAdapter - Downloading https://repo.maven.apache.org/maven2/org/springframework/boot/spring-boot-devtools/1.5.9.RELEASE/spring-boot-devtools-1.5.9.RELEASE.jar
2019-05-24 13:46:49,239 [Worker-202] INFO  o.e.m.c.i.e.AbstractTransferListenerAdapter - Downloaded https://repo.maven.apache.org/maven2/org/springframework/boot/spring-boot-devtools/1.5.9.RELEASE/spring-boot-devtools-1.5.9.RELEASE.jar
2019-05-24 13:46:49,896 [Worker-202] INFO  o.e.m.c.i.embedder.EclipseLogger - Using 'UTF-8' encoding to copy filtered resources.
2019-05-24 13:46:49,897 [Worker-202] INFO  o.e.m.c.i.embedder.EclipseLogger - Copying 0 resource
2019-05-24 13:46:49,898 [Worker-202] INFO  o.e.m.c.i.embedder.EclipseLogger - Copying 0 resource
2019-05-24 13:46:49,900 [Worker-202] INFO  o.e.m.c.i.embedder.EclipseLogger - Using 'UTF-8' encoding to copy filtered resources.
2019-05-24 13:46:49,900 [Worker-202] INFO  o.e.m.c.i.embedder.EclipseLogger - Copying 0 resource
2019-05-24 13:46:51,867 [Worker-199] INFO  o.e.m.c.i.embedder.EclipseLogger - Using 'UTF-8' encoding to copy filtered resources.
2019-05-24 13:46:51,869 [Worker-199] INFO  o.e.m.c.i.embedder.EclipseLogger - Copying 0 resource
2019-05-24 13:46:51,869 [Worker-199] INFO  o.e.m.c.i.embedder.EclipseLogger - Copying 0 resource
2019-05-24 13:46:51,871 [Worker-199] INFO  o.e.m.c.i.embedder.EclipseLogger - Using 'UTF-8' encoding to copy filtered resources.
2019-05-24 13:46:51,871 [Worker-199] INFO  o.e.m.c.i.embedder.EclipseLogger - Copying 0 resource
2019-05-24 13:47:35,120 [Worker-200] INFO  o.e.m.c.i.embedder.EclipseLogger - Using 'UTF-8' encoding to copy filtered resources.
2019-05-24 13:47:35,120 [Worker-200] INFO  o.e.m.c.i.embedder.EclipseLogger - Copying 0 resource
2019-05-24 13:47:35,121 [Worker-200] INFO  o.e.m.c.i.embedder.EclipseLogger - Copying 0 resource
2019-05-24 13:47:35,123 [Worker-200] INFO  o.e.m.c.i.embedder.EclipseLogger - Using 'UTF-8' encoding to copy filtered resources.
2019-05-24 13:47:35,123 [Worker-200] INFO  o.e.m.c.i.embedder.EclipseLogger - Copying 0 resource
2019-05-24 13:54:09,118 [Worker-209] INFO  o.e.m.c.i.embedder.EclipseLogger - Using 'UTF-8' encoding to copy filtered resources.
2019-05-24 13:54:09,119 [Worker-209] INFO  o.e.m.c.i.embedder.EclipseLogger - Copying 0 resource
2019-05-24 13:54:09,119 [Worker-209] INFO  o.e.m.c.i.embedder.EclipseLogger - Copying 0 resource
2019-05-24 13:54:09,122 [Worker-209] INFO  o.e.m.c.i.embedder.EclipseLogger - Using 'UTF-8' encoding to copy filtered resources.
2019-05-24 13:54:09,122 [Worker-209] INFO  o.e.m.c.i.embedder.EclipseLogger - Copying 0 resource
2019-05-24 13:55:21,350 [Worker-211] INFO  o.e.m.c.i.embedder.EclipseLogger - Using 'UTF-8' encoding to copy filtered resources.
2019-05-24 13:55:21,351 [Worker-211] INFO  o.e.m.c.i.embedder.EclipseLogger - Copying 0 resource
2019-05-24 13:55:21,351 [Worker-211] INFO  o.e.m.c.i.embedder.EclipseLogger - Copying 0 resource
2019-05-24 13:55:21,353 [Worker-211] INFO  o.e.m.c.i.embedder.EclipseLogger - Using 'UTF-8' encoding to copy filtered resources.
2019-05-24 13:55:21,353 [Worker-211] INFO  o.e.m.c.i.embedder.EclipseLogger - Copying 0 resource
2019-05-24 14:00:01,291 [Worker-217] INFO  o.e.m.c.i.embedder.EclipseLogger - Using 'UTF-8' encoding to copy filtered resources.
2019-05-24 14:00:01,291 [Worker-217] INFO  o.e.m.c.i.embedder.EclipseLogger - Copying 0 resource
2019-05-24 14:00:01,292 [Worker-217] INFO  o.e.m.c.i.embedder.EclipseLogger - Copying 0 resource
2019-05-24 14:00:01,294 [Worker-217] INFO  o.e.m.c.i.embedder.EclipseLogger - Using 'UTF-8' encoding to copy filtered resources.
2019-05-24 14:00:01,294 [Worker-217] INFO  o.e.m.c.i.embedder.EclipseLogger - Copying 0 resource
